# JRE version: Java(TM) SE Runtime Environment Oracle GraalVM 21.0.2+13.1 (21.0.2+13) (build 21.0.2+13-LTS-jvmci-23.1-b30)
# Java VM: Java HotSpot(TM) 64-Bit Server VM Oracle GraalVM 21.0.2+13.1 (21.0.2+13-LTS-jvmci-23.1-b30, mixed mode, sharing, tiered, jvmci, jvmci compiler, compressed oops, compressed class ptrs, parallel gc, windows-amd64)
GC Precious Log:
 CardTable entry size: 512
 CPUs: 4 total, 4 available
 Memory: 8021M
 Large Page Support: Disabled
 NUMA Support: Disabled
 Compressed Oops: Enabled (32-bit)
 Alignments: Space 512K, Generation 512K, Heap 2M
 Heap Min Capacity: 100M
 Heap Initial Capacity: 100M
 Heap Max Capacity: 1G
 Pre-touch: Disabled
 Parallel Workers: 4
Heap:
 PSYoungGen      total 20480K, used 11009K [0x00000000eab00000, 0x00000000ec080000, 0x0000000100000000)
  eden space 19968K, 54% used [0x00000000eab00000,0x00000000eb5b86a8,0x00000000ebe80000)
  from space 512K, 6% used [0x00000000ebf80000,0x00000000ebf88000,0x00000000ec000000)
  to   space 512K, 0% used [0x00000000ec000000,0x00000000ec000000,0x00000000ec080000)
 ParOldGen       total 499712K, used 485312K [0x00000000c0000000, 0x00000000de800000, 0x00000000eab00000)
  object space 499712K, 97% used [0x00000000c0000000,0x00000000dd9f02a0,0x00000000de800000)
 Metaspace       used 60624K, committed 61760K, reserved 1114112K
  class space    used 5405K, committed 5888K, reserved 1048576K
GC Heap History (20 events):
Event: 381.280 GC heap before
{Heap before GC invocations=221 (full 4):
 PSYoungGen      total 20480K, used 20064K [0x00000000eab00000, 0x00000000ec080000, 0x0000000100000000)
  eden space 19968K, 100% used [0x00000000eab00000,0x00000000ebe80000,0x00000000ebe80000)
  from space 512K, 18% used [0x00000000ebf80000,0x00000000ebf98000,0x00000000ec000000)
  to   space 512K, 0% used [0x00000000ec000000,0x00000000ec000000,0x00000000ec080000)
 ParOldGen       total 272384K, used 258464K [0x00000000c0000000, 0x00000000d0a00000, 0x00000000eab00000)
  object space 272384K, 94% used [0x00000000c0000000,0x00000000cfc68290,0x00000000d0a00000)
 Metaspace       used 60575K, committed 61696K, reserved 1114112K
  class space    used 5400K, committed 5888K, reserved 1048576K
}
Event: 381.280 GC heap after
{Heap after GC invocations=221 (full 4):
 PSYoungGen      total 20480K, used 96K [0x00000000eab00000, 0x00000000ec080000, 0x0000000100000000)
  eden space 19968K, 0% used [0x00000000eab00000,0x00000000eab00000,0x00000000ebe80000)
  from space 512K, 18% used [0x00000000ec000000,0x00000000ec018000,0x00000000ec080000)
  to   space 512K, 0% used [0x00000000ebf80000,0x00000000ebf80000,0x00000000ec000000)
 ParOldGen       total 272384K, used 258464K [0x00000000c0000000, 0x00000000d0a00000, 0x00000000eab00000)
  object space 272384K, 94% used [0x00000000c0000000,0x00000000cfc68290,0x00000000d0a00000)
 Metaspace       used 60575K, committed 61696K, reserved 1114112K
  class space    used 5400K, committed 5888K, reserved 1048576K
}
Event: 381.346 GC heap before
{Heap before GC invocations=222 (full 4):
 PSYoungGen      total 20480K, used 20064K [0x00000000eab00000, 0x00000000ec080000, 0x0000000100000000)
  eden space 19968K, 100% used [0x00000000eab00000,0x00000000ebe80000,0x00000000ebe80000)
  from space 512K, 18% used [0x00000000ec000000,0x00000000ec018000,0x00000000ec080000)
  to   space 512K, 0% used [0x00000000ebf80000,0x00000000ebf80000,0x00000000ec000000)
 ParOldGen       total 272384K, used 258464K [0x00000000c0000000, 0x00000000d0a00000, 0x00000000eab00000)
  object space 272384K, 94% used [0x00000000c0000000,0x00000000cfc68290,0x00000000d0a00000)
 Metaspace       used 60575K, committed 61696K, reserved 1114112K
  class space    used 5400K, committed 5888K, reserved 1048576K
}
Event: 381.347 GC heap after
{Heap after GC invocations=222 (full 4):
 PSYoungGen      total 20480K, used 64K [0x00000000eab00000, 0x00000000ec080000, 0x0000000100000000)
  eden space 19968K, 0% used [0x00000000eab00000,0x00000000eab00000,0x00000000ebe80000)
  from space 512K, 12% used [0x00000000ebf80000,0x00000000ebf90000,0x00000000ec000000)
  to   space 512K, 0% used [0x00000000ec000000,0x00000000ec000000,0x00000000ec080000)
 ParOldGen       total 272384K, used 258464K [0x00000000c0000000, 0x00000000d0a00000, 0x00000000eab00000)
  object space 272384K, 94% used [0x00000000c0000000,0x00000000cfc68290,0x00000000d0a00000)
 Metaspace       used 60575K, committed 61696K, reserved 1114112K
  class space    used 5400K, committed 5888K, reserved 1048576K
}
Event: 381.466 GC heap before
{Heap before GC invocations=223 (full 4):
 PSYoungGen      total 20480K, used 20032K [0x00000000eab00000, 0x00000000ec080000, 0x0000000100000000)
  eden space 19968K, 100% used [0x00000000eab00000,0x00000000ebe80000,0x00000000ebe80000)
  from space 512K, 12% used [0x00000000ebf80000,0x00000000ebf90000,0x00000000ec000000)
  to   space 512K, 0% used [0x00000000ec000000,0x00000000ec000000,0x00000000ec080000)
 ParOldGen       total 272384K, used 258464K [0x00000000c0000000, 0x00000000d0a00000, 0x00000000eab00000)
  object space 272384K, 94% used [0x00000000c0000000,0x00000000cfc68290,0x00000000d0a00000)
 Metaspace       used 60575K, committed 61696K, reserved 1114112K
  class space    used 5400K, committed 5888K, reserved 1048576K
}
Event: 381.467 GC heap after
{Heap after GC invocations=223 (full 4):
 PSYoungGen      total 20480K, used 64K [0x00000000eab00000, 0x00000000ec080000, 0x0000000100000000)
  eden space 19968K, 0% used [0x00000000eab00000,0x00000000eab00000,0x00000000ebe80000)
  from space 512K, 12% used [0x00000000ec000000,0x00000000ec010000,0x00000000ec080000)
  to   space 512K, 0% used [0x00000000ebf80000,0x00000000ebf80000,0x00000000ec000000)
 ParOldGen       total 272384K, used 258464K [0x00000000c0000000, 0x00000000d0a00000, 0x00000000eab00000)
  object space 272384K, 94% used [0x00000000c0000000,0x00000000cfc68290,0x00000000d0a00000)
 Metaspace       used 60575K, committed 61696K, reserved 1114112K
  class space    used 5400K, committed 5888K, reserved 1048576K
}
Event: 381.648 GC heap before
{Heap before GC invocations=224 (full 4):
 PSYoungGen      total 20480K, used 20032K [0x00000000eab00000, 0x00000000ec080000, 0x0000000100000000)
  eden space 19968K, 100% used [0x00000000eab00000,0x00000000ebe80000,0x00000000ebe80000)
  from space 512K, 12% used [0x00000000ec000000,0x00000000ec010000,0x00000000ec080000)
  to   space 512K, 0% used [0x00000000ebf80000,0x00000000ebf80000,0x00000000ec000000)
 ParOldGen       total 272384K, used 258464K [0x00000000c0000000, 0x00000000d0a00000, 0x00000000eab00000)
  object space 272384K, 94% used [0x00000000c0000000,0x00000000cfc68290,0x00000000d0a00000)
 Metaspace       used 60575K, committed 61696K, reserved 1114112K
  class space    used 5400K, committed 5888K, reserved 1048576K
}
Event: 381.649 GC heap after
{Heap after GC invocations=224 (full 4):
 PSYoungGen      total 20480K, used 0K [0x00000000eab00000, 0x00000000ec080000, 0x0000000100000000)
  eden space 19968K, 0% used [0x00000000eab00000,0x00000000eab00000,0x00000000ebe80000)
  from space 512K, 0% used [0x00000000ebf80000,0x00000000ebf80000,0x00000000ec000000)
  to   space 512K, 0% used [0x00000000ec000000,0x00000000ec000000,0x00000000ec080000)
 ParOldGen       total 272384K, used 258464K [0x00000000c0000000, 0x00000000d0a00000, 0x00000000eab00000)
  object space 272384K, 94% used [0x00000000c0000000,0x00000000cfc68290,0x00000000d0a00000)
 Metaspace       used 60575K, committed 61696K, reserved 1114112K
  class space    used 5400K, committed 5888K, reserved 1048576K
}
Event: 381.727 GC heap before
{Heap before GC invocations=225 (full 4):
 PSYoungGen      total 20480K, used 19968K [0x00000000eab00000, 0x00000000ec080000, 0x0000000100000000)
  eden space 19968K, 100% used [0x00000000eab00000,0x00000000ebe80000,0x00000000ebe80000)
  from space 512K, 0% used [0x00000000ebf80000,0x00000000ebf80000,0x00000000ec000000)
  to   space 512K, 0% used [0x00000000ec000000,0x00000000ec000000,0x00000000ec080000)
 ParOldGen       total 272384K, used 258464K [0x00000000c0000000, 0x00000000d0a00000, 0x00000000eab00000)
  object space 272384K, 94% used [0x00000000c0000000,0x00000000cfc68290,0x00000000d0a00000)
 Metaspace       used 60575K, committed 61696K, reserved 1114112K
  class space    used 5400K, committed 5888K, reserved 1048576K
}
Event: 381.728 GC heap after
{Heap after GC invocations=225 (full 4):
 PSYoungGen      total 20480K, used 96K [0x00000000eab00000, 0x00000000ec080000, 0x0000000100000000)
  eden space 19968K, 0% used [0x00000000eab00000,0x00000000eab00000,0x00000000ebe80000)
  from space 512K, 18% used [0x00000000ec000000,0x00000000ec018000,0x00000000ec080000)
  to   space 512K, 0% used [0x00000000ebf80000,0x00000000ebf80000,0x00000000ec000000)
 ParOldGen       total 272384K, used 258464K [0x00000000c0000000, 0x00000000d0a00000, 0x00000000eab00000)
  object space 272384K, 94% used [0x00000000c0000000,0x00000000cfc68290,0x00000000d0a00000)
 Metaspace       used 60575K, committed 61696K, reserved 1114112K
  class space    used 5400K, committed 5888K, reserved 1048576K
}
Event: 381.808 GC heap before
{Heap before GC invocations=226 (full 4):
 PSYoungGen      total 20480K, used 20064K [0x00000000eab00000, 0x00000000ec080000, 0x0000000100000000)
  eden space 19968K, 100% used [0x00000000eab00000,0x00000000ebe80000,0x00000000ebe80000)
  from space 512K, 18% used [0x00000000ec000000,0x00000000ec018000,0x00000000ec080000)
  to   space 512K, 0% used [0x00000000ebf80000,0x00000000ebf80000,0x00000000ec000000)
 ParOldGen       total 272384K, used 258464K [0x00000000c0000000, 0x00000000d0a00000, 0x00000000eab00000)
  object space 272384K, 94% used [0x00000000c0000000,0x00000000cfc68290,0x00000000d0a00000)
 Metaspace       used 60575K, committed 61696K, reserved 1114112K
  class space    used 5400K, committed 5888K, reserved 1048576K
}
Event: 381.809 GC heap after
{Heap after GC invocations=226 (full 4):
 PSYoungGen      total 20480K, used 64K [0x00000000eab00000, 0x00000000ec080000, 0x0000000100000000)
  eden space 19968K, 0% used [0x00000000eab00000,0x00000000eab00000,0x00000000ebe80000)
  from space 512K, 12% used [0x00000000ebf80000,0x00000000ebf90000,0x00000000ec000000)
  to   space 512K, 0% used [0x00000000ec000000,0x00000000ec000000,0x00000000ec080000)
 ParOldGen       total 272384K, used 258464K [0x00000000c0000000, 0x00000000d0a00000, 0x00000000eab00000)
  object space 272384K, 94% used [0x00000000c0000000,0x00000000cfc68290,0x00000000d0a00000)
 Metaspace       used 60575K, committed 61696K, reserved 1114112K
  class space    used 5400K, committed 5888K, reserved 1048576K
}
Event: 381.898 GC heap before
{Heap before GC invocations=227 (full 4):
 PSYoungGen      total 20480K, used 20032K [0x00000000eab00000, 0x00000000ec080000, 0x0000000100000000)
  eden space 19968K, 100% used [0x00000000eab00000,0x00000000ebe80000,0x00000000ebe80000)
  from space 512K, 12% used [0x00000000ebf80000,0x00000000ebf90000,0x00000000ec000000)
  to   space 512K, 0% used [0x00000000ec000000,0x00000000ec000000,0x00000000ec080000)
 ParOldGen       total 272384K, used 258464K [0x00000000c0000000, 0x00000000d0a00000, 0x00000000eab00000)
  object space 272384K, 94% used [0x00000000c0000000,0x00000000cfc68290,0x00000000d0a00000)
 Metaspace       used 60575K, committed 61696K, reserved 1114112K
  class space    used 5400K, committed 5888K, reserved 1048576K
}
Event: 381.899 GC heap after
{Heap after GC invocations=227 (full 4):
 PSYoungGen      total 20480K, used 64K [0x00000000eab00000, 0x00000000ec080000, 0x0000000100000000)
  eden space 19968K, 0% used [0x00000000eab00000,0x00000000eab00000,0x00000000ebe80000)
  from space 512K, 12% used [0x00000000ec000000,0x00000000ec010000,0x00000000ec080000)
  to   space 512K, 0% used [0x00000000ebf80000,0x00000000ebf80000,0x00000000ec000000)
 ParOldGen       total 272384K, used 258464K [0x00000000c0000000, 0x00000000d0a00000, 0x00000000eab00000)
  object space 272384K, 94% used [0x00000000c0000000,0x00000000cfc68290,0x00000000d0a00000)
 Metaspace       used 60575K, committed 61696K, reserved 1114112K
  class space    used 5400K, committed 5888K, reserved 1048576K
}
Event: 382.034 GC heap before
{Heap before GC invocations=228 (full 4):
 PSYoungGen      total 20480K, used 20032K [0x00000000eab00000, 0x00000000ec080000, 0x0000000100000000)
  eden space 19968K, 100% used [0x00000000eab00000,0x00000000ebe80000,0x00000000ebe80000)
  from space 512K, 12% used [0x00000000ec000000,0x00000000ec010000,0x00000000ec080000)
  to   space 512K, 0% used [0x00000000ebf80000,0x00000000ebf80000,0x00000000ec000000)
 ParOldGen       total 272384K, used 258464K [0x00000000c0000000, 0x00000000d0a00000, 0x00000000eab00000)
  object space 272384K, 94% used [0x00000000c0000000,0x00000000cfc68290,0x00000000d0a00000)
 Metaspace       used 60575K, committed 61696K, reserved 1114112K
  class space    used 5400K, committed 5888K, reserved 1048576K
}
Event: 382.034 GC heap after
{Heap after GC invocations=228 (full 4):
 PSYoungGen      total 20480K, used 96K [0x00000000eab00000, 0x00000000ec080000, 0x0000000100000000)
  eden space 19968K, 0% used [0x00000000eab00000,0x00000000eab00000,0x00000000ebe80000)
  from space 512K, 18% used [0x00000000ebf80000,0x00000000ebf98000,0x00000000ec000000)
  to   space 512K, 0% used [0x00000000ec000000,0x00000000ec000000,0x00000000ec080000)
 ParOldGen       total 272384K, used 258464K [0x00000000c0000000, 0x00000000d0a00000, 0x00000000eab00000)
  object space 272384K, 94% used [0x00000000c0000000,0x00000000cfc68290,0x00000000d0a00000)
 Metaspace       used 60575K, committed 61696K, reserved 1114112K
  class space    used 5400K, committed 5888K, reserved 1048576K
}
Event: 386.157 GC heap before
{Heap before GC invocations=229 (full 4):
 PSYoungGen      total 20480K, used 20064K [0x00000000eab00000, 0x00000000ec080000, 0x0000000100000000)
  eden space 19968K, 100% used [0x00000000eab00000,0x00000000ebe80000,0x00000000ebe80000)
  from space 512K, 18% used [0x00000000ebf80000,0x00000000ebf98000,0x00000000ec000000)
  to   space 512K, 0% used [0x00000000ec000000,0x00000000ec000000,0x00000000ec080000)
 ParOldGen       total 499712K, used 485280K [0x00000000c0000000, 0x00000000de800000, 0x00000000eab00000)
  object space 499712K, 97% used [0x00000000c0000000,0x00000000dd9e82a0,0x00000000de800000)
 Metaspace       used 60624K, committed 61760K, reserved 1114112K
  class space    used 5405K, committed 5888K, reserved 1048576K
}
Event: 386.158 GC heap after
{Heap after GC invocations=229 (full 4):
 PSYoungGen      total 20480K, used 96K [0x00000000eab00000, 0x00000000ec080000, 0x0000000100000000)
  eden space 19968K, 0% used [0x00000000eab00000,0x00000000eab00000,0x00000000ebe80000)
  from space 512K, 18% used [0x00000000ec000000,0x00000000ec018000,0x00000000ec080000)
  to   space 512K, 0% used [0x00000000ebf80000,0x00000000ebf80000,0x00000000ec000000)
 ParOldGen       total 499712K, used 485280K [0x00000000c0000000, 0x00000000de800000, 0x00000000eab00000)
  object space 499712K, 97% used [0x00000000c0000000,0x00000000dd9e82a0,0x00000000de800000)
 Metaspace       used 60624K, committed 61760K, reserved 1114112K
  class space    used 5405K, committed 5888K, reserved 1048576K
}
Event: 386.248 GC heap before
{Heap before GC invocations=230 (full 4):
 PSYoungGen      total 20480K, used 20064K [0x00000000eab00000, 0x00000000ec080000, 0x0000000100000000)
  eden space 19968K, 100% used [0x00000000eab00000,0x00000000ebe80000,0x00000000ebe80000)
  from space 512K, 18% used [0x00000000ec000000,0x00000000ec018000,0x00000000ec080000)
  to   space 512K, 0% used [0x00000000ebf80000,0x00000000ebf80000,0x00000000ec000000)
 ParOldGen       total 499712K, used 485280K [0x00000000c0000000, 0x00000000de800000, 0x00000000eab00000)
  object space 499712K, 97% used [0x00000000c0000000,0x00000000dd9e82a0,0x00000000de800000)
 Metaspace       used 60624K, committed 61760K, reserved 1114112K
  class space    used 5405K, committed 5888K, reserved 1048576K
}
Event: 386.251 GC heap after
{Heap after GC invocations=230 (full 4):
 PSYoungGen      total 20480K, used 32K [0x00000000eab00000, 0x00000000ec080000, 0x0000000100000000)
  eden space 19968K, 0% used [0x00000000eab00000,0x00000000eab00000,0x00000000ebe80000)
  from space 512K, 6% used [0x00000000ebf80000,0x00000000ebf88000,0x00000000ec000000)
  to   space 512K, 0% used [0x00000000ec000000,0x00000000ec000000,0x00000000ec080000)
 ParOldGen       total 499712K, used 485312K [0x00000000c0000000, 0x00000000de800000, 0x00000000eab00000)
  object space 499712K, 97% used [0x00000000c0000000,0x00000000dd9f02a0,0x00000000de800000)
 Metaspace       used 60624K, committed 61760K, reserved 1114112K
  class space    used 5405K, committed 5888K, reserved 1048576K
}

